{"message":"Unauthorized request to path: /","level":"error"}
{"message":"Unauthorized request to path: /favicon.ico","level":"error"}
{"message":"Unauthorized request to path: /","level":"error"}
{"message":"Unauthorized request to path: /favicon.ico","level":"error"}
{"message":"Unauthorized request to path: /","level":"error"}
{"message":"Unauthorized request to path: /favicon.ico","level":"error"}
{"message":"Unauthorized request to path: /leaf","level":"error"}
{"message":"Unauthorized request to path: /leaf","level":"error"}
{"message":"Unauthorized request to path: /leaf","level":"error"}
{"message":"Unauthorized request to path: /leaf","level":"error"}
{"message":"Unauthorized request to path: /leaf","level":"error"}
{"message":"Unauthorized request to path: /leaf","level":"error"}
{"message":"Unauthorized request to path: /leaf","level":"error"}
{"message":"Unauthorized request to path: /leaf","level":"error"}
{"message":"Unauthorized request to path: /leaf","level":"error"}
{"message":"Unauthorized request to path: /leaf","level":"error"}
{"message":"Unauthorized request to path: /leaf","level":"error"}
{"message":"Unauthorized request to path: /leaf","level":"error"}
{"message":"Unauthorized request to path: /leaf","level":"error"}
{"message":"Unauthorized request to path: /leaf","level":"error"}
{"message":"Unauthorized request to path: /leaf","level":"error"}
{"message":"Unauthorized request to path: /leaf","level":"error"}
{"message":"Unauthorized request to path: /leaf","level":"error"}
{"message":"Unauthorized request to path: /leaf","level":"error"}
{"message":"Unauthorized request to path: /leaf","level":"error"}
{"message":"Unauthorized request to path: /leaf","level":"error"}
{"message":"Unauthorized request to path: /leaf","level":"error"}
{"message":"Unauthorized request to path: /leaf","level":"error"}
{"message":"Unauthorized request to path: /leaf","level":"error"}
{"message":"Unauthorized request to path: /leaf","level":"error"}
{"message":"Unauthorized request to path: /leaf","level":"error"}
{"message":"Unauthorized request to path: /leaf","level":"error"}
{"message":"Unauthorized request to path: /leaf","level":"error"}
{"message":"Unauthorized request to path: /leaf","level":"error"}
{"message":"Unauthorized request to path: /leaf","level":"error"}
{"message":"Unauthorized request to path: /leaf","level":"error"}
{"message":"Unauthorized request to path: /leaf","level":"error"}
{"message":"Unauthorized request to path: /leaf","level":"error"}
{"message":"Unauthorized request to path: /leaf","level":"error"}
{"message":"Unauthorized request to path: /leaf","level":"error"}
{"message":"Unauthorized request to path: /leaf","level":"error"}
{"message":"Unauthorized request to path: /leaf","level":"error"}
{"message":"Unauthorized request to path: /leaf","level":"error"}
{"message":"Unauthorized request to path: /leaf","level":"error"}
{"message":"Unauthorized request to path: /leaf","level":"error"}
{"message":"Unauthorized request to path: /leaf","level":"error"}
{"message":"Unauthorized request to path: /leaf","level":"error"}
{"message":"Unauthorized request to path: /leaf","level":"error"}
{"message":"Unauthorized request to path: /leaf","level":"error"}
{"message":"Unauthorized request to path: /leaf","level":"error"}
{"message":"Unauthorized request to path: /leaf","level":"error"}
{"message":"Unauthorized request to path: /leaf","level":"error"}
{"message":"Unauthorized request to path: /leaf","level":"error"}
{"message":"Unauthorized request to path: /leaf","level":"error"}
{"message":"Unauthorized request to path: /leaf","level":"error"}
{"message":"Unauthorized request to path: /leaf","level":"error"}
{"message":"Unauthorized request to path: /leaf","level":"error"}
{"message":"Unauthorized request to path: /leaf","level":"error"}
{"message":"Unauthorized request to path: /leaf","level":"error"}
{"message":"Unauthorized request to path: /leaf","level":"error"}
{"message":"Unauthorized request to path: /leaf","level":"error"}
{"message":"Unauthorized request to path: /leaf","level":"error"}
{"message":"Unauthorized request to path: /leaf","level":"error"}
{"message":"Unauthorized request to path: /leaf","level":"error"}
{"message":"Unauthorized request to path: /leaf","level":"error"}
{"message":"Unauthorized request to path: /leaf","level":"error"}
{"message":"Unauthorized request to path: /leaf","level":"error"}
{"message":"Unauthorized request to path: /leaf","level":"error"}
{"message":"Unauthorized request to path: /leaf","level":"error"}
{"message":"Unauthorized request to path: /leaf","level":"error"}
{"message":"Unauthorized request to path: /leaf","level":"error"}
{"message":"Unauthorized request to path: /leaf","level":"error"}
{"message":"Unauthorized request to path: /leaf","level":"error"}
{"message":"Unauthorized request to path: /leaf","level":"error"}
{"message":"Unauthorized request to path: /leaf","level":"error"}
{"message":"Unauthorized request to path: /leaf","level":"error"}
{"message":"Unauthorized request to path: /leaf","level":"error"}
{"message":"Unauthorized request to path: /leaf","level":"error"}
{"message":"Unauthorized request to path: /leaf","level":"error"}
{"message":"Unauthorized request to path: /leaf","level":"error"}
{"message":"Unauthorized request to path: /leaf","level":"error"}
{"message":"Unauthorized request to path: /leaf","level":"error"}
{"message":"Unauthorized request to path: /leaf","level":"error"}
{"message":"Unauthorized request to path: /leaf","level":"error"}
{"message":"Unauthorized request to path: /leaf","level":"error"}
{"message":"Unauthorized request to path: /leaf","level":"error"}
{"message":"Unauthorized request to path: /leaf","level":"error"}
{"message":"Unauthorized request to path: /leaf","level":"error"}
{"message":"Unauthorized request to path: /leaf","level":"error"}
{"message":"Unauthorized request to path: /leaf","level":"error"}
{"message":"Unauthorized request to path: /leaf","level":"error"}
{"message":"Unauthorized request to path: /leaf","level":"error"}
{"message":"Unauthorized request to path: /leaf","level":"error"}
{"message":"Unauthorized request to path: /leaf","level":"error"}
{"message":"Unauthorized request to path: /leaf","level":"error"}
{"message":"Unauthorized request to path: /leaf","level":"error"}
{"message":"Unauthorized request to path: /leaf","level":"error"}
{"message":"Unauthorized request to path: /leaf","level":"error"}
{"message":"Unauthorized request to path: /leaf","level":"error"}
{"message":"Unauthorized request to path: /leaf","level":"error"}
{"message":"Unauthorized request to path: /leaf","level":"error"}
{"message":"Unauthorized request to path: /leaf","level":"error"}
{"message":"Unauthorized request to path: /leaf","level":"error"}
{"message":"Unauthorized request to path: /leaf","level":"error"}
{"message":"Unauthorized request to path: /leaf","level":"error"}
{"message":"Unauthorized request to path: /leaf","level":"error"}
{"message":"Unauthorized request to path: /leaf","level":"error"}
{"message":"Unauthorized request to path: /leaf","level":"error"}
{"message":"Unauthorized request to path: /leaf","level":"error"}
{"message":"Unauthorized request to path: /leaf","level":"error"}
{"message":"Unauthorized request to path: /leaf","level":"error"}
{"message":"Unauthorized request to path: /leaf","level":"error"}
{"message":"Unauthorized request to path: /leaf","level":"error"}
{"message":"Unauthorized request to path: /leaf","level":"error"}
{"message":"Unauthorized request to path: /leaf","level":"error"}
{"message":"Unauthorized request to path: /leaf","level":"error"}
{"message":"Unauthorized request to path: /leaf","level":"error"}
{"message":"Unauthorized request to path: /leaf","level":"error"}
{"message":"Unauthorized request to path: /leaf","level":"error"}
{"message":"Unauthorized request to path: /leaf","level":"error"}
{"message":"Unauthorized request to path: /leaf","level":"error"}
{"message":"Unauthorized request to path: /leaf","level":"error"}
{"message":"Unauthorized request to path: /leaf","level":"error"}
{"message":"Unauthorized request to path: /leaf","level":"error"}
{"message":"Unauthorized request to path: /leaf","level":"error"}
{"message":"Unauthorized request to path: /leaf","level":"error"}
{"message":"Unauthorized request to path: /leaf","level":"error"}
{"message":"Unauthorized request to path: /leaf","level":"error"}
{"message":"Unauthorized request to path: /leaf","level":"error"}
{"message":"Unauthorized request to path: /leaf","level":"error"}
{"message":"Unauthorized request to path: /leaf","level":"error"}
{"message":"Unauthorized request to path: /leaf","level":"error"}
{"message":"Unauthorized request to path: /leaf","level":"error"}
{"message":"Unauthorized request to path: /leaf","level":"error"}
{"message":"Unauthorized request to path: /leaf","level":"error"}
{"message":"Unauthorized request to path: /leaf","level":"error"}
{"message":"Unauthorized request to path: /leaf","level":"error"}
{"message":"Unauthorized request to path: /leaf","level":"error"}
{"message":"Unauthorized request to path: /leaf","level":"error"}
{"message":"Unauthorized request to path: /leaf","level":"error"}
{"message":"Unauthorized request to path: /leaf","level":"error"}
{"message":"Unauthorized request to path: /leaf","level":"error"}
{"message":"Unauthorized request to path: /leaf","level":"error"}
{"message":"Unauthorized request to path: /leaf","level":"error"}
{"message":"Unauthorized request to path: /leaf","level":"error"}
{"message":"Unauthorized request to path: /leaf","level":"error"}
{"message":"Unauthorized request to path: /leaf","level":"error"}
{"message":"Unauthorized request to path: /leaf","level":"error"}
{"message":"Unauthorized request to path: /leaf","level":"error"}
{"message":"Unauthorized request to path: /leaf","level":"error"}
{"message":"Unauthorized request to path: /leaf","level":"error"}
{"message":"Unauthorized request to path: /leaf","level":"error"}
{"message":"Unauthorized request to path: /leaf","level":"error"}
{"message":"Unauthorized request to path: /leaf","level":"error"}
{"message":"Unauthorized request to path: /leaf","level":"error"}
{"message":"Unauthorized request to path: /leaf","level":"error"}
{"message":"Unauthorized request to path: /leaf","level":"error"}
{"message":"Unauthorized request to path: /leaf","level":"error"}
{"message":"Unauthorized request to path: /leaf","level":"error"}
{"message":"Unauthorized request to path: /leaf","level":"error"}
{"message":"Unauthorized request to path: /leaf","level":"error"}
{"message":"Unauthorized request to path: /leaf","level":"error"}
{"message":"Unauthorized request to path: /leaf","level":"error"}
{"message":"Unauthorized request to path: /leaf","level":"error"}
{"message":"Unauthorized request to path: /leaf","level":"error"}
{"message":"Unauthorized request to path: /leaf","level":"error"}
{"message":"Unauthorized request to path: /leaf","level":"error"}
{"message":"Unauthorized request to path: /leaf","level":"error"}
{"message":"Unauthorized request to path: /leaf","level":"error"}
{"message":"Unauthorized request to path: /leaf","level":"error"}
{"message":"Unauthorized request to path: /leaf","level":"error"}
{"message":"Unauthorized request to path: /leaf","level":"error"}
{"message":"Unauthorized request to path: /leaf","level":"error"}
{"message":"Unauthorized request to path: /leaf","level":"error"}
{"message":"Unauthorized request to path: /leaf","level":"error"}
{"message":"Unauthorized request to path: /leaf","level":"error"}
{"message":"Unauthorized request to path: /leaf","level":"error"}
{"message":"Unauthorized request to path: /leaf","level":"error"}
{"message":"Unauthorized request to path: /leaf","level":"error"}
{"message":"Unauthorized request to path: /leaf","level":"error"}
{"message":"Unauthorized request to path: /leaf","level":"error"}
{"message":"Unauthorized request to path: /leaf","level":"error"}
{"message":"Unauthorized request to path: /leaf","level":"error"}
{"message":"Unauthorized request to path: /leaf","level":"error"}
{"message":"Unauthorized request to path: /leaf","level":"error"}
{"message":"Unauthorized request to path: /leaf","level":"error"}
{"message":"Unauthorized request to path: /leaf","level":"error"}
{"message":"Unauthorized request to path: /leaf","level":"error"}
{"message":"Unauthorized request to path: /leaf","level":"error"}
{"message":"Unauthorized request to path: /leaf","level":"error"}
{"message":"Unauthorized request to path: /leaf","level":"error"}
{"message":"Unauthorized request to path: /leaf","level":"error"}
{"message":"Unauthorized request to path: /leaf","level":"error"}
{"message":"Unauthorized request to path: /leaf","level":"error"}
{"message":"Unauthorized request to path: /leaf","level":"error"}
{"message":"Unauthorized request to path: /leaf","level":"error"}
{"message":"Unauthorized request to path: /leaf","level":"error"}
{"message":"Unauthorized request to path: /leaf","level":"error"}
{"message":"Unauthorized request to path: /leaf","level":"error"}
{"message":"Unauthorized request to path: /leaf","level":"error"}
{"message":"Unauthorized request to path: /leaf","level":"error"}
{"message":"Unauthorized request to path: /leaf","level":"error"}
{"message":"Unauthorized request to path: /leaf","level":"error"}
{"message":"Unauthorized request to path: /leaf","level":"error"}
{"message":"Unauthorized request to path: /leaf","level":"error"}
{"message":"Unauthorized request to path: /leaf","level":"error"}
{"message":"Unauthorized request to path: /leaf","level":"error"}
{"message":"Unauthorized request to path: /leaf","level":"error"}
{"message":"Unauthorized request to path: /leaf","level":"error"}
{"message":"Unauthorized request to path: /leaf","level":"error"}
{"message":"Unauthorized request to path: /leaf","level":"error"}
{"message":"Unauthorized request to path: /leaf","level":"error"}
{"message":"Unauthorized request to path: /leaf","level":"error"}
{"message":"Unauthorized request to path: /leaf","level":"error"}
{"message":"Unauthorized request to path: /leaf","level":"error"}
{"message":"Unauthorized request to path: /leaf","level":"error"}
{"message":"Unauthorized request to path: /leaf","level":"error"}
{"message":"Unauthorized request to path: /leaf","level":"error"}
{"message":"Unauthorized request to path: /leaf","level":"error"}
{"message":"Unauthorized request to path: /leaf","level":"error"}
{"message":"Unauthorized request to path: /leaf","level":"error"}
{"message":"Unauthorized request to path: /leaf","level":"error"}
{"message":"Unauthorized request to path: /leaf","level":"error"}
{"message":"Unauthorized request to path: /leaf","level":"error"}
{"message":"Unauthorized request to path: /leaf","level":"error"}
{"message":"Unauthorized request to path: /leaf","level":"error"}
{"message":"Unauthorized request to path: /leaf","level":"error"}
{"message":"Unauthorized request to path: /leaf","level":"error"}
{"message":"Unauthorized request to path: /leaf","level":"error"}
{"message":"Unauthorized request to path: /leaf","level":"error"}
{"message":"Unauthorized request to path: /leaf","level":"error"}
{"message":"Unauthorized request to path: /leaf","level":"error"}
{"message":"Unauthorized request to path: /leaf","level":"error"}
{"message":"Unauthorized request to path: /leaf","level":"error"}
{"message":"Unauthorized request to path: /leaf","level":"error"}
{"message":"Unauthorized request to path: /leaf","level":"error"}
{"message":"Unauthorized request to path: /leaf","level":"error"}
{"message":"Unauthorized request to path: /leaf","level":"error"}
{"message":"Unauthorized request to path: /leaf","level":"error"}
{"message":"Unauthorized request to path: /leaf","level":"error"}
{"message":"Unauthorized request to path: /leaf","level":"error"}
{"message":"Unauthorized request to path: /leaf","level":"error"}
{"message":"Unauthorized request to path: /leaf","level":"error"}
{"message":"Unauthorized request to path: /leaf","level":"error"}
{"message":"Unauthorized request to path: /leaf","level":"error"}
{"message":"Unauthorized request to path: /leaf","level":"error"}
{"message":"Unauthorized request to path: /leaf","level":"error"}
{"message":"Unauthorized request to path: /leaf","level":"error"}
{"message":"Unauthorized request to path: /leaf","level":"error"}
{"message":"Unauthorized request to path: /leaf","level":"error"}
{"message":"Unauthorized request to path: /leaf","level":"error"}
{"message":"Unauthorized request to path: /leaf","level":"error"}
{"message":"Unauthorized request to path: /leaf","level":"error"}
{"message":"Unauthorized request to path: /leaf","level":"error"}
{"message":"Unauthorized request to path: /leaf","level":"error"}
{"message":"Unauthorized request to path: /leaf","level":"error"}
{"message":"Unauthorized request to path: /leaf","level":"error"}
{"message":"Unauthorized request to path: /leaf","level":"error"}
{"message":"Unauthorized request to path: /leaf","level":"error"}
{"message":"Unauthorized request to path: /leaf","level":"error"}
{"message":"Unauthorized request to path: /leaf","level":"error"}
{"message":"Unauthorized request to path: /leaf","level":"error"}
{"message":"Unauthorized request to path: /leaf","level":"error"}
{"message":"Unauthorized request to path: /leaf","level":"error"}
{"message":"Unauthorized request to path: /leaf","level":"error"}
{"message":"Unauthorized request to path: /leaf","level":"error"}
{"message":"Unauthorized request to path: /leaf","level":"error"}
{"message":"Unauthorized request to path: /leaf","level":"error"}
{"message":"Unauthorized request to path: /leaf","level":"error"}
{"message":"Unauthorized request to path: /leaf","level":"error"}
{"message":"Unauthorized request to path: /leaf","level":"error"}
{"message":"Unauthorized request to path: /leaf","level":"error"}
{"message":"Unauthorized request to path: /leaf","level":"error"}
{"message":"Unauthorized request to path: /leaf","level":"error"}
{"message":"Unauthorized request to path: /leaf","level":"error"}
{"message":"Unauthorized request to path: /leaf","level":"error"}
{"message":"Unauthorized request to path: /leaf","level":"error"}
{"message":"Unauthorized request to path: /leaf","level":"error"}
{"message":"Unauthorized request to path: /leaf","level":"error"}
{"message":"Unauthorized request to path: /leaf","level":"error"}
{"message":"Unauthorized request to path: /leaf","level":"error"}
{"message":"Unauthorized request to path: /leaf","level":"error"}
{"message":"Unauthorized request to path: /leaf","level":"error"}
{"message":"Unauthorized request to path: /leaf","level":"error"}
{"message":"Unauthorized request to path: /leaf","level":"error"}
{"message":"Unauthorized request to path: /leaf","level":"error"}
{"message":"Unauthorized request to path: /leaf","level":"error"}
{"message":"Unauthorized request to path: /leaf","level":"error"}
{"message":"Unauthorized request to path: /leaf","level":"error"}
{"message":"Unauthorized request to path: /leaf","level":"error"}
{"message":"Unauthorized request to path: /leaf","level":"error"}
{"message":"Unauthorized request to path: /leaf","level":"error"}
{"message":"Unauthorized request to path: /leaf","level":"error"}
{"message":"Unauthorized request to path: /leaf","level":"error"}
{"message":"Unauthorized request to path: /leaf","level":"error"}
{"message":"Unauthorized request to path: /leaf","level":"error"}
{"message":"Unauthorized request to path: /leaf","level":"error"}
{"message":"Unauthorized request to path: /leaf","level":"error"}
{"message":"Unauthorized request to path: /leaf","level":"error"}
{"message":"Unauthorized request to path: /leaf","level":"error"}
{"message":"Unauthorized request to path: /leaf","level":"error"}
{"message":"Unauthorized request to path: /leaf","level":"error"}
{"message":"Unauthorized request to path: /leaf","level":"error"}
{"message":"Unauthorized request to path: /leaf","level":"error"}
{"message":"Unauthorized request to path: /leaf","level":"error"}
{"message":"Unauthorized request to path: /leaf","level":"error"}
{"message":"Unauthorized request to path: /leaf","level":"error"}
{"message":"Unauthorized request to path: /leaf","level":"error"}
{"message":"Unauthorized request to path: /leaf","level":"error"}
{"message":"Unauthorized request to path: /leaf","level":"error"}
{"message":"Unauthorized request to path: /leaf","level":"error"}
{"message":"Unauthorized request to path: /leaf","level":"error"}
{"message":"Unauthorized request to path: /leaf","level":"error"}
{"message":"title is required","level":"error"}
{"message":"Unauthorized request to path: /leaf","level":"error"}
{"message":"title is required","level":"error"}
{"message":"Unauthorized request to path: /login","level":"error"}
{"message":"Unauthorized request to path: /login","level":"error"}
{"message":"Unauthorized request to path: /login","level":"error"}
{"message":"Unauthorized request to path: /login","level":"error"}
{"message":"user is not defined","level":"error"}
{"message":"Unauthorized request to path: /login","level":"error"}
{"message":"user is not defined","level":"error"}
{"message":"Unauthorized request to path: /login","level":"error"}
{"message":"Unauthorized request to path: /login","level":"error"}
{"message":"Unauthorized request to path: /login","level":"error"}
{"message":"username is not defined","level":"error"}
{"message":"Unauthorized request to path: /login","level":"error"}
{"message":"Unauthorized request to path: /login","level":"error"}
{"message":"Unauthorized request to path: /login","level":"error"}
{"message":"Unauthorized request to path: /login","level":"error"}
{"message":"Unauthorized request to path: /register","level":"error"}
{"message":"Unauthorized request to path: /register","level":"error"}
{"message":"Unauthorized request to path: /register","level":"error"}
{"message":"Unauthorized request to path: /login","level":"error"}
{"message":"Unauthorized request to path: /register","level":"error"}
{"message":"Unauthorized request to path: /login","level":"error"}
{"message":"Unauthorized request to path: /login","level":"error"}
{"message":"Unauthorized request to path: /login","level":"error"}
{"message":"Unauthorized request to path: /login","level":"error"}
{"message":"Unauthorized request to path: /leaf","level":"error"}
{"message":"Unauthorized request to path: /login","level":"error"}
{"message":"Unauthorized request to path: /login","level":"error"}
{"message":"Unauthorized request to path: /login","level":"error"}
{"message":"Unauthorized request to path: /login","level":"error"}
{"message":"Unauthorized request to path: /login","level":"error"}
{"message":"Unauthorized request to path: /login","level":"error"}
{"message":"Unauthorized request to path: /login","level":"error"}
{"message":"Unauthorized request to path: /login","level":"error"}
{"message":"Unauthorized request to path: /login","level":"error"}
{"message":"Unauthorized request to path: /login","level":"error"}
{"message":"Unauthorized request to path: /login","level":"error"}
{"message":"Unauthorized request to path: /login","level":"error"}
{"message":"Unauthorized request to path: /login","level":"error"}
{"message":"Unauthorized request to path: /login","level":"error"}
{"message":"Unauthorized request to path: /login","level":"error"}
{"message":"Unauthorized request to path: /login","level":"error"}
{"message":"Unauthorized request to path: /login","level":"error"}
{"message":"Unauthorized request to path: /login","level":"error"}
{"message":"Unauthorized request to path: /login","level":"error"}
{"message":"Unauthorized request to path: /leaf","level":"error"}
{"message":"Unauthorized request to path: /leaf","level":"error"}
{"message":"Unauthorized request to path: /login","level":"error"}
{"message":"Unauthorized request to path: /leaf","level":"error"}
{"message":"Unauthorized request to path: /leaf","level":"error"}
{"message":"Unauthorized request to path: /leaf","level":"error"}
{"message":"Unauthorized request to path: /leaf","level":"error"}
{"message":"Unauthorized request to path: /leaf","level":"error"}
{"message":"Unauthorized request to path: /leaf","level":"error"}
{"message":"Unauthorized request to path: /leaf","level":"error"}
{"message":"Unauthorized request to path: /leaf","level":"error"}
{"message":"Unauthorized request to path: /login","level":"error"}
{"message":"Unauthorized request to path: /login","level":"error"}
{"message":"Unauthorized request to path: /leaf","level":"error"}
{"message":"Unauthorized request to path: /leaf","level":"error"}
{"message":"Unauthorized request to path: /leaf","level":"error"}
{"message":"Unauthorized request to path: /leaf","level":"error"}
{"message":"Unauthorized request to path: /leaf","level":"error"}
{"message":"Unauthorized request to path: /leaf","level":"error"}
{"message":"Unauthorized request to path: /leaf","level":"error"}
{"message":"Unauthorized request to path: /leaf","level":"error"}
{"message":"Unauthorized request to path: /leaf","level":"error"}
{"message":"Unauthorized request to path: /leaf","level":"error"}
{"message":"Unauthorized request to path: /leaf","level":"error"}
{"message":"Unauthorized request to path: /leaf","level":"error"}
{"message":"Unauthorized request to path: /leaf","level":"error"}
{"message":"Unauthorized request to path: /leaf","level":"error"}
{"message":"Unauthorized request to path: /leaf","level":"error"}
{"message":"Unauthorized request to path: /leaf","level":"error"}
{"message":"Unauthorized request to path: /leaf","level":"error"}
{"message":"Unauthorized request to path: /leaf","level":"error"}
{"message":"Unauthorized request to path: /leaf","level":"error"}
{"message":"Unauthorized request to path: /leaf","level":"error"}
{"message":"Unauthorized request to path: /leaf","level":"error"}
{"message":"Unauthorized request to path: /leaf","level":"error"}
{"message":"Unauthorized request to path: /leaf","level":"error"}
{"message":"Unauthorized request to path: /leaf","level":"error"}
{"message":"Unauthorized request to path: /leaf","level":"error"}
{"message":"Unauthorized request to path: /leaf","level":"error"}
{"message":"Unauthorized request to path: /leaf","level":"error"}
{"message":"Unauthorized request to path: /leaf","level":"error"}
{"message":"Unauthorized request to path: /leaf","level":"error"}
{"message":"Unauthorized request to path: /leaf","level":"error"}
{"message":"Unauthorized request to path: /leaf","level":"error"}
{"message":"Unauthorized request to path: /leaf","level":"error"}
{"message":"Unauthorized request to path: /leaf","level":"error"}
{"message":"Unauthorized request to path: /leaf","level":"error"}
{"message":"Unauthorized request to path: /leaf","level":"error"}
{"message":"Unauthorized request to path: /leaf","level":"error"}
{"message":"Unauthorized request to path: /leaf","level":"error"}
{"message":"Unauthorized request to path: /claim","level":"error"}
{"message":"Unauthorized request to path: /leaf","level":"error"}
{"message":"Unauthorized request to path: /leaf","level":"error"}
{"message":"Unauthorized request to path: /claim","level":"error"}
{"message":"Unauthorized request to path: /leaf","level":"error"}
{"message":"Unauthorized request to path: /leaf","level":"error"}
{"message":"Unauthorized request to path: /leaf","level":"error"}
{"message":"Unauthorized request to path: /claim","level":"error"}
{"message":"Unauthorized request to path: /leaf","level":"error"}
{"message":"Unauthorized request to path: /leaf","level":"error"}
{"message":"Unauthorized request to path: /register","level":"error"}
{"message":"Unauthorized request to path: /register","level":"error"}
